Traceback (most recent call last):
  File "/mlp_vepfs/share/zpw/IL/diffusion_policy/train.py", line 12, in <module>
    import hydra
  File "/root/miniconda3/envs/robodiff/lib/python3.9/site-packages/hydra/__init__.py", line 5, in <module>
    from hydra import utils
  File "/root/miniconda3/envs/robodiff/lib/python3.9/site-packages/hydra/utils.py", line 8, in <module>
    import hydra._internal.instantiate._instantiate2
  File "/root/miniconda3/envs/robodiff/lib/python3.9/site-packages/hydra/_internal/instantiate/_instantiate2.py", line 12, in <module>
    from hydra._internal.utils import _locate
  File "/root/miniconda3/envs/robodiff/lib/python3.9/site-packages/hydra/_internal/utils.py", line 18, in <module>
    from hydra.core.utils import get_valid_filename, validate_config_path
  File "/root/miniconda3/envs/robodiff/lib/python3.9/site-packages/hydra/core/utils.py", line 20, in <module>
    from hydra.core.hydra_config import HydraConfig
  File "/root/miniconda3/envs/robodiff/lib/python3.9/site-packages/hydra/core/hydra_config.py", line 6, in <module>
    from hydra.conf import HydraConf
  File "/root/miniconda3/envs/robodiff/lib/python3.9/site-packages/hydra/conf/__init__.py", line 7, in <module>
    from hydra.core.config_store import ConfigStore
  File "<frozen importlib._bootstrap>", line 1007, in _find_and_load
  File "<frozen importlib._bootstrap>", line 982, in _find_and_load_unlocked
  File "<frozen importlib._bootstrap>", line 925, in _find_spec
  File "<frozen importlib._bootstrap_external>", line 1423, in find_spec
  File "<frozen importlib._bootstrap_external>", line 1395, in _get_spec
  File "<frozen importlib._bootstrap_external>", line 1555, in find_spec
  File "<frozen importlib._bootstrap_external>", line 156, in _path_isfile
  File "<frozen importlib._bootstrap_external>", line 148, in _path_is_mode_type
  File "<frozen importlib._bootstrap_external>", line 142, in _path_stat
KeyboardInterrupt
